<?xml version="1.0" encoding="UTF-8"?>
<!-- Generated by org.testng.reporters.JUnitReportReporter -->
<testsuite hostname="PHO281" failures="0" tests="2" name="CucumberOptions.TestNGTestRunner" time="41.820" errors="0" timestamp="2024-05-07T17:46:12 IST" skipped="0">
  <testcase classname="CucumberOptions.TestNGTestRunner" name="runScenario" time="21.525"/>
  <testcase classname="CucumberOptions.TestNGTestRunner" name="runScenario" time="20.295"/>
</testsuite> <!-- CucumberOptions.TestNGTestRunner -->
