<?xml version="1.0" encoding="UTF-8"?>
<!-- Generated by org.testng.reporters.JUnitReportReporter -->
<testsuite hostname="PHO281" failures="0" tests="2" name="CucumberOptions.TestNGTestRunner" time="33.878" errors="0" timestamp="2024-05-07T10:19:26 IST" skipped="0">
  <testcase classname="CucumberOptions.TestNGTestRunner" name="runScenario" time="19.043"/>
  <testcase classname="CucumberOptions.TestNGTestRunner" name="runScenario" time="14.835"/>
</testsuite> <!-- CucumberOptions.TestNGTestRunner -->
