<?xml version="1.0" encoding="UTF-8"?>
<!-- Generated by org.testng.reporters.JUnitReportReporter -->
<testsuite hostname="PHO281" failures="0" tests="2" name="CucumberOptions.TestNGTestRunner" time="28.597" errors="0" timestamp="2024-05-08T14:28:00 IST" skipped="0">
  <testcase classname="CucumberOptions.TestNGTestRunner" name="runScenario" time="8.699"/>
  <testcase classname="CucumberOptions.TestNGTestRunner" name="runScenario" time="19.898"/>
</testsuite> <!-- CucumberOptions.TestNGTestRunner -->
